<html xmlns:math="http://exslt.org/math" xmlns:testng="http://testng.org">
   <head>
      <title>TestNG Results</title>
      <meta http-equiv="content-type" content="text/html; charset=utf-8"></meta>
      <meta http-equiv="pragma" content="no-cache"></meta>
      <meta http-equiv="cache-control" content="max-age=0"></meta>
      <meta http-equiv="cache-control" content="no-cache"></meta>
      <meta http-equiv="cache-control" content="no-store"></meta>
      <LINK rel="stylesheet" href="style.css"></LINK>
      <script type="text/javascript" src="main.js"></script>
   </head>
   <body>
      <table width="100%" style="font-size: 16px; margin-bottom: 10px;" cellspacing="1">
         <tr>
            <td width="100%">
               Test case
               
               <b>Default test</b>
            </td>
            <td style="background-color: #FFBBBB; padding: 3px 3px 3px 0;" align="center">
               <div style="width: 50px;">1</div>
            </td>
            <td style="background-color: lightgreen; padding: 3px 3px 3px 0;" align="center">
               <div style="width: 50px;">0</div>
            </td>
            <td style="background-color: #FFFFBB; padding: 3px 3px 3px 0;" align="center">
               <div style="width: 50px;">0</div>
            </td>
            <td align="center" style="background-color: #eaf0f7; padding: 3px 3px 3px 0;">
               <div style="width: 50px;">1</div>
            </td>
            <td align="center"
                style="font-weight: bold; background-color: #eaf0f7; padding: 3px 3px 3px 0;">
               <div style="width: 50px;">0%</div>
            </td>
            <td style="background-color: #eaf0f7; padding: 3px 3px 3px 0;" align="center"
                nowrap="true">41s
               
            </td>
         </tr>
      </table>
      <div style="width: 200px;">
         <label for="groupMethodsCheckBox" style="font-weight: bold; margin: 0;">
            <input id="groupMethodsCheckBox" type="checkbox" onclick="switchTestMethodsView(this)"></input>
            Group by class
            
         </label>
         <br></br>
         <label for="methodsFilter_ALL" style="font-weight: bold; margin: 0;">
            <input id="methodsFilter_ALL" type="checkbox"
                   onclick="testMethodsFilterChanged(this, 'ALL')"></input>
            All
            
         </label>
      </div>
      <label for="methodsFilter_FAIL" style="margin-left: 20px;">
         <input id="methodsFilter_FAIL" type="checkbox"
                onclick="testMethodsFilterChanged(this, 'FAIL')"
                checked=""></input>
         Failed
         
      </label>
      <label for="methodsFilter_PASS">
         <input id="methodsFilter_PASS" type="checkbox"
                onclick="testMethodsFilterChanged(this, 'PASS')"
                checked=""></input>
         Passed
         
      </label>
      <label for="methodsFilter_SKIP">
         <input id="methodsFilter_SKIP" type="checkbox"
                onclick="testMethodsFilterChanged(this, 'SKIP')"
                checked=""></input>
         Skipped
         
      </label>
      <label for="methodsFilter_CONF">
         <input id="methodsFilter_CONF" type="checkbox"
                onclick="testMethodsFilterChanged(this, 'CONF')"></input>
         Config
         
      </label>
      <br></br>
      <div id="testMethodsByStatus">
         <table class="testMethodsTable" cellpadding="0" cellspacing="0">
            <tr class="methodsTableHeader">
               <td width="100%">Name</td>
               <td nowrap="true">Started</td>
               <td nowrap="true">Duration</td>
               <td>Exception</td>
            </tr>
            <tr id="com.qtpselenium.core.hybrid.product.SearchAndBuyItemTest_filterMobileTest_byStatus_failed_FAIL1_row"
                class="testMethodStatusFAIL">
               <td width="100%" class="firstMethodCell">
                  <a onclick="toggleDetailsVisibility('com.qtpselenium.core.hybrid.product.SearchAndBuyItemTest_filterMobileTest_byStatus_failed_FAIL1_details')">filterMobileTest({Runmode=Y, ItemName=Lenovo APU Quad Core A8 6th Gen, SearchTerm=lenovo laptops, Browser=Mozilla})</a>
               </td>
               <td nowrap="true">17:26:41</td>
               <td nowrap="true" align="right">40s
                  
               </td>
               <td nowrap="true">
                  <a onclick="toggleDetailsVisibility('com.qtpselenium.core.hybrid.product.SearchAndBuyItemTest_filterMobileTest_byStatus_failed_FAIL1_exception')">java.lang.AssertionError: 
                     FAIL - Product not found
                     
                  </a>
                   
                  
               </td>
            </tr>
            <tr>
               <td colspan="4" class="detailsBox">
                  <div id="com.qtpselenium.core.hybrid.product.SearchAndBuyItemTest_filterMobileTest_byStatus_failed_FAIL1_details"
                       class="testMethodDetails">
                     <div>
                        <b>Name: </b>filterMobileTest
                     </div>
                     <div>
                        <b>Signature: </b>filterMobileTest(java.util.Hashtable)[pri:0, instance:com.qtpselenium.core.hybrid.product.SearchAndBuyItemTest@6279cee3]
                     </div>
                     <div>
                        <b>Parameters: </b>
                        
                        {Runmode=Y, ItemName=Lenovo APU Quad Core A8 6th Gen, SearchTerm=lenovo laptops, Browser=Mozilla}
                        
                        
                     </div>
                     <div>
                        <b>Start time: </b>17:26:41
                     </div>
                     <div>
                        <b>End time: </b>17:27:21
                     </div>
                     <div>
                        <b>Duration: </b>40s
                        
                     </div>
                  </div>
               </td>
            </tr>
            <tr>
               <td colspan="4" class="detailsBox">
                  <div id="com.qtpselenium.core.hybrid.product.SearchAndBuyItemTest_filterMobileTest_byStatus_failed_FAIL1_exception"
                       class="testMethodDetails">
                     <pre style="padding: 5px; margin: 0;">java.lang.AssertionError: FAIL - Product not found
                        	at org.junit.Assert.fail(Assert.java:93)
                        	at com.qtpselenium.core.hybrid.Keywords.executeKeywords(Keywords.java:88)
                        	at com.qtpselenium.core.hybrid.product.SearchAndBuyItemTest.filterMobileTest(SearchAndBuyItemTest.java:37)
                        	at sun.reflect.NativeMethodAccessorImpl.invoke0(Native Method)
                        	at sun.reflect.NativeMethodAccessorImpl.invoke(Unknown Source)
                        	at sun.reflect.DelegatingMethodAccessorImpl.invoke(Unknown Source)
                        	at java.lang.reflect.Method.invoke(Unknown Source)
                        	at org.testng.internal.MethodInvocationHelper.invokeMethod(MethodInvocationHelper.java:85)
                        	at org.testng.internal.Invoker.invokeMethod(Invoker.java:639)
                        	at org.testng.internal.Invoker.invokeTestMethod(Invoker.java:821)
                        	at org.testng.internal.Invoker.invokeTestMethods(Invoker.java:1131)
                        	at org.testng.internal.TestMethodWorker.invokeTestMethods(TestMethodWorker.java:124)
                        	at org.testng.internal.TestMethodWorker.run(TestMethodWorker.java:108)
                        	at org.testng.TestRunner.privateRun(TestRunner.java:773)
                        	at org.testng.TestRunner.run(TestRunner.java:623)
                        	at org.testng.SuiteRunner.runTest(SuiteRunner.java:357)
                        	at org.testng.SuiteRunner.runSequentially(SuiteRunner.java:352)
                        	at org.testng.SuiteRunner.privateRun(SuiteRunner.java:310)
                        	at org.testng.SuiteRunner.run(SuiteRunner.java:259)
                        	at org.testng.SuiteRunnerWorker.runSuite(SuiteRunnerWorker.java:52)
                        	at org.testng.SuiteRunnerWorker.run(SuiteRunnerWorker.java:86)
                        	at org.testng.TestNG.runSuitesSequentially(TestNG.java:1185)
                        	at org.testng.TestNG.runSuitesLocally(TestNG.java:1110)
                        	at org.testng.TestNG.run(TestNG.java:1018)
                        	at org.testng.remote.AbstractRemoteTestNG.run(AbstractRemoteTestNG.java:132)
                        	at org.testng.remote.RemoteTestNG.initAndRun(RemoteTestNG.java:236)
                        	at org.testng.remote.RemoteTestNG.main(RemoteTestNG.java:81)
                     </pre>
                  </div>
               </td>
            </tr>
            <tr id="com.qtpselenium.core.hybrid.product.SearchAndBuyItemTest_init_byStatus_passed_PASS1_row"
                class="testMethodStatusPASS testMethodStatusCONF">
               <td width="100%" class="firstMethodCell">
                  <a onclick="toggleDetailsVisibility('com.qtpselenium.core.hybrid.product.SearchAndBuyItemTest_init_byStatus_passed_PASS1_details')">init()</a>
               </td>
               <td nowrap="true">17:26:40</td>
               <td nowrap="true" align="right">529 ms
                  
               </td>
               <td nowrap="true">
                   
                  
               </td>
            </tr>
            <tr>
               <td colspan="4" class="detailsBox">
                  <div id="com.qtpselenium.core.hybrid.product.SearchAndBuyItemTest_init_byStatus_passed_PASS1_details"
                       class="testMethodDetails">
                     <div>
                        <b>Name: </b>init
                     </div>
                     <div>
                        <b>Signature: </b>init()[pri:0, instance:com.qtpselenium.core.hybrid.product.SearchAndBuyItemTest@6279cee3]
                     </div>
                     <div>
                        <b>Start time: </b>17:26:40
                     </div>
                     <div>
                        <b>End time: </b>17:26:41
                     </div>
                     <div>
                        <b>Duration: </b>529 ms
                        
                     </div>
                  </div>
               </td>
            </tr>
            <tr></tr>
            <tr id="com.qtpselenium.core.hybrid.product.SearchAndBuyItemTest_quit_byStatus_passed_PASS2_row"
                class="testMethodStatusPASS testMethodStatusCONF">
               <td width="100%" class="firstMethodCell">
                  <a onclick="toggleDetailsVisibility('com.qtpselenium.core.hybrid.product.SearchAndBuyItemTest_quit_byStatus_passed_PASS2_details')">quit()</a>
               </td>
               <td nowrap="true">17:27:21</td>
               <td nowrap="true" align="right">267 ms
                  
               </td>
               <td nowrap="true">
                   
                  
               </td>
            </tr>
            <tr>
               <td colspan="4" class="detailsBox">
                  <div id="com.qtpselenium.core.hybrid.product.SearchAndBuyItemTest_quit_byStatus_passed_PASS2_details"
                       class="testMethodDetails">
                     <div>
                        <b>Name: </b>quit
                     </div>
                     <div>
                        <b>Signature: </b>quit()[pri:0, instance:com.qtpselenium.core.hybrid.product.SearchAndBuyItemTest@6279cee3]
                     </div>
                     <div>
                        <b>Start time: </b>17:27:21
                     </div>
                     <div>
                        <b>End time: </b>17:27:21
                     </div>
                     <div>
                        <b>Duration: </b>267 ms
                        
                     </div>
                  </div>
               </td>
            </tr>
            <tr></tr>
         </table>
      </div>
      <div id="testMethodsByClass" style="display: none;">
         <table class="testMethodsTable" cellpadding="0" cellspacing="0">
            <tr>
               <td colspan="4">
                  <h3 style="display: inline;">com.qtpselenium.core.hybrid.product.SearchAndBuyItemTest</h3>
               </td>
            </tr>
            <tr class="methodsTableHeader">
               <td width="100%">Name</td>
               <td nowrap="true">Started</td>
               <td nowrap="true">Duration</td>
               <td>Exception</td>
            </tr>
            <tr id="com.qtpselenium.core.hybrid.product.SearchAndBuyItemTest_init_byClass_PASS1_row"
                class="testMethodStatusPASS testMethodStatusCONF">
               <td width="100%" class="firstMethodCell">
                  <a onclick="toggleDetailsVisibility('com.qtpselenium.core.hybrid.product.SearchAndBuyItemTest_init_byClass_PASS1_details')">init()</a>
               </td>
               <td nowrap="true">17:26:40</td>
               <td nowrap="true" align="right">529 ms
                  
               </td>
               <td nowrap="true">
                   
                  
               </td>
            </tr>
            <tr>
               <td colspan="4" class="detailsBox">
                  <div id="com.qtpselenium.core.hybrid.product.SearchAndBuyItemTest_init_byClass_PASS1_details"
                       class="testMethodDetails">
                     <div>
                        <b>Name: </b>init
                     </div>
                     <div>
                        <b>Signature: </b>init()[pri:0, instance:com.qtpselenium.core.hybrid.product.SearchAndBuyItemTest@6279cee3]
                     </div>
                     <div>
                        <b>Start time: </b>17:26:40
                     </div>
                     <div>
                        <b>End time: </b>17:26:41
                     </div>
                     <div>
                        <b>Duration: </b>529 ms
                        
                     </div>
                  </div>
               </td>
            </tr>
            <tr></tr>
            <tr id="com.qtpselenium.core.hybrid.product.SearchAndBuyItemTest_filterMobileTest_byClass_FAIL2_row"
                class="testMethodStatusFAIL">
               <td width="100%" class="firstMethodCell">
                  <a onclick="toggleDetailsVisibility('com.qtpselenium.core.hybrid.product.SearchAndBuyItemTest_filterMobileTest_byClass_FAIL2_details')">filterMobileTest({Runmode=Y, ItemName=Lenovo APU Quad Core A8 6th Gen, SearchTerm=lenovo laptops, Browser=Mozilla})</a>
               </td>
               <td nowrap="true">17:26:41</td>
               <td nowrap="true" align="right">40s
                  
               </td>
               <td nowrap="true">
                  <a onclick="toggleDetailsVisibility('com.qtpselenium.core.hybrid.product.SearchAndBuyItemTest_filterMobileTest_byClass_FAIL2_exception')">java.lang.AssertionError: 
                     FAIL - Product not found
                     
                  </a>
                   
                  
               </td>
            </tr>
            <tr>
               <td colspan="4" class="detailsBox">
                  <div id="com.qtpselenium.core.hybrid.product.SearchAndBuyItemTest_filterMobileTest_byClass_FAIL2_details"
                       class="testMethodDetails">
                     <div>
                        <b>Name: </b>filterMobileTest
                     </div>
                     <div>
                        <b>Signature: </b>filterMobileTest(java.util.Hashtable)[pri:0, instance:com.qtpselenium.core.hybrid.product.SearchAndBuyItemTest@6279cee3]
                     </div>
                     <div>
                        <b>Parameters: </b>
                        
                        {Runmode=Y, ItemName=Lenovo APU Quad Core A8 6th Gen, SearchTerm=lenovo laptops, Browser=Mozilla}
                        
                        
                     </div>
                     <div>
                        <b>Start time: </b>17:26:41
                     </div>
                     <div>
                        <b>End time: </b>17:27:21
                     </div>
                     <div>
                        <b>Duration: </b>40s
                        
                     </div>
                  </div>
               </td>
            </tr>
            <tr>
               <td colspan="4" class="detailsBox">
                  <div id="com.qtpselenium.core.hybrid.product.SearchAndBuyItemTest_filterMobileTest_byClass_FAIL2_exception"
                       class="testMethodDetails">
                     <pre style="padding: 5px; margin: 0;">java.lang.AssertionError: FAIL - Product not found
                        	at org.junit.Assert.fail(Assert.java:93)
                        	at com.qtpselenium.core.hybrid.Keywords.executeKeywords(Keywords.java:88)
                        	at com.qtpselenium.core.hybrid.product.SearchAndBuyItemTest.filterMobileTest(SearchAndBuyItemTest.java:37)
                        	at sun.reflect.NativeMethodAccessorImpl.invoke0(Native Method)
                        	at sun.reflect.NativeMethodAccessorImpl.invoke(Unknown Source)
                        	at sun.reflect.DelegatingMethodAccessorImpl.invoke(Unknown Source)
                        	at java.lang.reflect.Method.invoke(Unknown Source)
                        	at org.testng.internal.MethodInvocationHelper.invokeMethod(MethodInvocationHelper.java:85)
                        	at org.testng.internal.Invoker.invokeMethod(Invoker.java:639)
                        	at org.testng.internal.Invoker.invokeTestMethod(Invoker.java:821)
                        	at org.testng.internal.Invoker.invokeTestMethods(Invoker.java:1131)
                        	at org.testng.internal.TestMethodWorker.invokeTestMethods(TestMethodWorker.java:124)
                        	at org.testng.internal.TestMethodWorker.run(TestMethodWorker.java:108)
                        	at org.testng.TestRunner.privateRun(TestRunner.java:773)
                        	at org.testng.TestRunner.run(TestRunner.java:623)
                        	at org.testng.SuiteRunner.runTest(SuiteRunner.java:357)
                        	at org.testng.SuiteRunner.runSequentially(SuiteRunner.java:352)
                        	at org.testng.SuiteRunner.privateRun(SuiteRunner.java:310)
                        	at org.testng.SuiteRunner.run(SuiteRunner.java:259)
                        	at org.testng.SuiteRunnerWorker.runSuite(SuiteRunnerWorker.java:52)
                        	at org.testng.SuiteRunnerWorker.run(SuiteRunnerWorker.java:86)
                        	at org.testng.TestNG.runSuitesSequentially(TestNG.java:1185)
                        	at org.testng.TestNG.runSuitesLocally(TestNG.java:1110)
                        	at org.testng.TestNG.run(TestNG.java:1018)
                        	at org.testng.remote.AbstractRemoteTestNG.run(AbstractRemoteTestNG.java:132)
                        	at org.testng.remote.RemoteTestNG.initAndRun(RemoteTestNG.java:236)
                        	at org.testng.remote.RemoteTestNG.main(RemoteTestNG.java:81)
                     </pre>
                  </div>
               </td>
            </tr>
            <tr id="com.qtpselenium.core.hybrid.product.SearchAndBuyItemTest_quit_byClass_PASS3_row"
                class="testMethodStatusPASS testMethodStatusCONF">
               <td width="100%" class="firstMethodCell">
                  <a onclick="toggleDetailsVisibility('com.qtpselenium.core.hybrid.product.SearchAndBuyItemTest_quit_byClass_PASS3_details')">quit()</a>
               </td>
               <td nowrap="true">17:27:21</td>
               <td nowrap="true" align="right">267 ms
                  
               </td>
               <td nowrap="true">
                   
                  
               </td>
            </tr>
            <tr>
               <td colspan="4" class="detailsBox">
                  <div id="com.qtpselenium.core.hybrid.product.SearchAndBuyItemTest_quit_byClass_PASS3_details"
                       class="testMethodDetails">
                     <div>
                        <b>Name: </b>quit
                     </div>
                     <div>
                        <b>Signature: </b>quit()[pri:0, instance:com.qtpselenium.core.hybrid.product.SearchAndBuyItemTest@6279cee3]
                     </div>
                     <div>
                        <b>Start time: </b>17:27:21
                     </div>
                     <div>
                        <b>End time: </b>17:27:21
                     </div>
                     <div>
                        <b>Duration: </b>267 ms
                        
                     </div>
                  </div>
               </td>
            </tr>
            <tr></tr>
         </table>
         <br></br>
      </div>
      <div style="margin-top: 15px; color: gray; text-align: center; font-size: 9px;">
         Generated with
         
         <a href="http://code.google.com/p/testng-xslt/" style="color: #8888aa;"
            target="_blank">
            TestNG XSLT
            
         </a>
      </div>
   </body>
</html>