<html xmlns:math="http://exslt.org/math" xmlns:testng="http://testng.org">
   <head>
      <title>TestNG Results</title>
      <meta http-equiv="content-type" content="text/html; charset=utf-8"></meta>
      <meta http-equiv="pragma" content="no-cache"></meta>
      <meta http-equiv="cache-control" content="max-age=0"></meta>
      <meta http-equiv="cache-control" content="no-cache"></meta>
      <meta http-equiv="cache-control" content="no-store"></meta>
      <LINK rel="stylesheet" href="style.css"></LINK>
      <script type="text/javascript" src="main.js"></script>
   </head>
   <body>
      <table width="100%" style="font-size: 16px; margin-bottom: 10px;" cellspacing="1">
         <tr>
            <td width="100%">
               Test case
               
               <b>GMail Login Test</b>
            </td>
            <td style="background-color: #FFBBBB; padding: 3px 3px 3px 0;" align="center">
               <div style="width: 50px;">3</div>
            </td>
            <td style="background-color: lightgreen; padding: 3px 3px 3px 0;" align="center">
               <div style="width: 50px;">0</div>
            </td>
            <td style="background-color: #FFFFBB; padding: 3px 3px 3px 0;" align="center">
               <div style="width: 50px;">0</div>
            </td>
            <td align="center" style="background-color: #eaf0f7; padding: 3px 3px 3px 0;">
               <div style="width: 50px;">3</div>
            </td>
            <td align="center"
                style="font-weight: bold; background-color: #eaf0f7; padding: 3px 3px 3px 0;">
               <div style="width: 50px;">0%</div>
            </td>
            <td style="background-color: #eaf0f7; padding: 3px 3px 3px 0;" align="center"
                nowrap="true">51s
               
            </td>
         </tr>
      </table>
      <div style="width: 200px;">
         <label for="groupMethodsCheckBox" style="font-weight: bold; margin: 0;">
            <input id="groupMethodsCheckBox" type="checkbox" onclick="switchTestMethodsView(this)"></input>
            Group by class
            
         </label>
         <br></br>
         <label for="methodsFilter_ALL" style="font-weight: bold; margin: 0;">
            <input id="methodsFilter_ALL" type="checkbox"
                   onclick="testMethodsFilterChanged(this, 'ALL')"></input>
            All
            
         </label>
      </div>
      <label for="methodsFilter_FAIL" style="margin-left: 20px;">
         <input id="methodsFilter_FAIL" type="checkbox"
                onclick="testMethodsFilterChanged(this, 'FAIL')"
                checked=""></input>
         Failed
         
      </label>
      <label for="methodsFilter_PASS">
         <input id="methodsFilter_PASS" type="checkbox"
                onclick="testMethodsFilterChanged(this, 'PASS')"
                checked=""></input>
         Passed
         
      </label>
      <label for="methodsFilter_SKIP">
         <input id="methodsFilter_SKIP" type="checkbox"
                onclick="testMethodsFilterChanged(this, 'SKIP')"
                checked=""></input>
         Skipped
         
      </label>
      <label for="methodsFilter_CONF">
         <input id="methodsFilter_CONF" type="checkbox"
                onclick="testMethodsFilterChanged(this, 'CONF')"></input>
         Config
         
      </label>
      <br></br>
      <div id="testMethodsByStatus">
         <table class="testMethodsTable" cellpadding="0" cellspacing="0">
            <tr class="methodsTableHeader">
               <td width="100%">Name</td>
               <td nowrap="true">Started</td>
               <td nowrap="true">Duration</td>
               <td>Exception</td>
            </tr>
            <tr id="com.qtpselenium.core.hybrid.testcases.GmailLogin_doLogin_byStatus_failed_FAIL1_row"
                class="testMethodStatusFAIL">
               <td width="100%" class="firstMethodCell">
                  <a onclick="toggleDetailsVisibility('com.qtpselenium.core.hybrid.testcases.GmailLogin_doLogin_byStatus_failed_FAIL1_details')">doLogin({Name=PKtest4cp CP, Username=pktest4cp@gmail.com, ExpectedResult=Success, Password=pk4testcp, Runmode=Y, Browser=Chrome})</a>
               </td>
               <td nowrap="true">10:37:02</td>
               <td nowrap="true" align="right">18s
                  
               </td>
               <td nowrap="true">
                  <a onclick="toggleDetailsVisibility('com.qtpselenium.core.hybrid.testcases.GmailLogin_doLogin_byStatus_failed_FAIL1_exception')">java.lang.AssertionError: 
                     Failure in Element Extraction - gprofile_xpath
                     
                  </a>
                   
                  
               </td>
            </tr>
            <tr>
               <td colspan="4" class="detailsBox">
                  <div id="com.qtpselenium.core.hybrid.testcases.GmailLogin_doLogin_byStatus_failed_FAIL1_details"
                       class="testMethodDetails">
                     <div>
                        <b>Name: </b>doLogin
                     </div>
                     <div>
                        <b>Signature: </b>doLogin(java.util.Hashtable)[pri:0, instance:com.qtpselenium.core.hybrid.testcases.GmailLogin@305fd85d]
                     </div>
                     <div>
                        <b>Parameters: </b>
                        
                        {Name=PKtest4cp CP, Username=pktest4cp@gmail.com, ExpectedResult=Success, Password=pk4testcp, Runmode=Y, Browser=Chrome}
                        
                        
                     </div>
                     <div>
                        <b>Start time: </b>10:37:02
                     </div>
                     <div>
                        <b>End time: </b>10:37:20
                     </div>
                     <div>
                        <b>Duration: </b>18s
                        
                     </div>
                  </div>
               </td>
            </tr>
            <tr>
               <td colspan="4" class="detailsBox">
                  <div id="com.qtpselenium.core.hybrid.testcases.GmailLogin_doLogin_byStatus_failed_FAIL1_exception"
                       class="testMethodDetails">
                     <pre style="padding: 5px; margin: 0;">java.lang.AssertionError: Failure in Element Extraction - gprofile_xpath
                        	at org.testng.Assert.fail(Assert.java:94)
                        	at com.qtpselenium.core.hybrid.GenericKeywords.getElement(GenericKeywords.java:227)
                        	at com.qtpselenium.core.hybrid.AppKeywords.verifyLoginDetails(AppKeywords.java:27)
                        	at com.qtpselenium.core.hybrid.Keywords.executeKeywords(Keywords.java:67)
                        	at com.qtpselenium.core.hybrid.testcases.GmailLogin.doLogin(GmailLogin.java:43)
                        	at sun.reflect.NativeMethodAccessorImpl.invoke0(Native Method)
                        	at sun.reflect.NativeMethodAccessorImpl.invoke(NativeMethodAccessorImpl.java:62)
                        	at sun.reflect.DelegatingMethodAccessorImpl.invoke(DelegatingMethodAccessorImpl.java:43)
                        	at java.lang.reflect.Method.invoke(Method.java:498)
                        	at org.testng.internal.MethodInvocationHelper.invokeMethod(MethodInvocationHelper.java:85)
                        	at org.testng.internal.Invoker.invokeMethod(Invoker.java:639)
                        	at org.testng.internal.Invoker.invokeTestMethod(Invoker.java:816)
                        	at org.testng.internal.Invoker.invokeTestMethods(Invoker.java:1124)
                        	at org.testng.internal.TestMethodWorker.invokeTestMethods(TestMethodWorker.java:125)
                        	at org.testng.internal.TestMethodWorker.run(TestMethodWorker.java:108)
                        	at org.testng.TestRunner.privateRun(TestRunner.java:774)
                        	at org.testng.TestRunner.run(TestRunner.java:624)
                        	at org.testng.SuiteRunner.runTest(SuiteRunner.java:359)
                        	at org.testng.SuiteRunner.access$000(SuiteRunner.java:39)
                        	at org.testng.SuiteRunner$SuiteWorker.run(SuiteRunner.java:393)
                        	at org.testng.internal.thread.ThreadUtil$2.call(ThreadUtil.java:64)
                        	at java.util.concurrent.FutureTask.run(FutureTask.java:266)
                        	at java.util.concurrent.ThreadPoolExecutor.runWorker(ThreadPoolExecutor.java:1142)
                        	at java.util.concurrent.ThreadPoolExecutor$Worker.run(ThreadPoolExecutor.java:617)
                        	at java.lang.Thread.run(Thread.java:745)
                     </pre>
                  </div>
               </td>
            </tr>
            <tr id="com.qtpselenium.core.hybrid.testcases.GmailLogin_doLogin_byStatus_failed_FAIL2_row"
                class="testMethodStatusFAIL">
               <td width="100%" class="firstMethodCell">
                  <a onclick="toggleDetailsVisibility('com.qtpselenium.core.hybrid.testcases.GmailLogin_doLogin_byStatus_failed_FAIL2_details')">doLogin({Name=x, Username=U2, ExpectedResult=x, Password=pk4testcp, Runmode=Y, Browser=Chrome})</a>
               </td>
               <td nowrap="true">10:37:20</td>
               <td nowrap="true" align="right">16s
                  
               </td>
               <td nowrap="true">
                  <a onclick="toggleDetailsVisibility('com.qtpselenium.core.hybrid.testcases.GmailLogin_doLogin_byStatus_failed_FAIL2_exception')">java.lang.AssertionError: 
                     Failure in Element Extraction - gpassword_xpath
                     
                  </a>
                   
                  
               </td>
            </tr>
            <tr>
               <td colspan="4" class="detailsBox">
                  <div id="com.qtpselenium.core.hybrid.testcases.GmailLogin_doLogin_byStatus_failed_FAIL2_details"
                       class="testMethodDetails">
                     <div>
                        <b>Name: </b>doLogin
                     </div>
                     <div>
                        <b>Signature: </b>doLogin(java.util.Hashtable)[pri:0, instance:com.qtpselenium.core.hybrid.testcases.GmailLogin@305fd85d]
                     </div>
                     <div>
                        <b>Parameters: </b>
                        
                        {Name=x, Username=U2, ExpectedResult=x, Password=pk4testcp, Runmode=Y, Browser=Chrome}
                        
                        
                     </div>
                     <div>
                        <b>Start time: </b>10:37:20
                     </div>
                     <div>
                        <b>End time: </b>10:37:36
                     </div>
                     <div>
                        <b>Duration: </b>16s
                        
                     </div>
                  </div>
               </td>
            </tr>
            <tr>
               <td colspan="4" class="detailsBox">
                  <div id="com.qtpselenium.core.hybrid.testcases.GmailLogin_doLogin_byStatus_failed_FAIL2_exception"
                       class="testMethodDetails">
                     <pre style="padding: 5px; margin: 0;">java.lang.AssertionError: Failure in Element Extraction - gpassword_xpath
                        	at org.testng.Assert.fail(Assert.java:94)
                        	at com.qtpselenium.core.hybrid.GenericKeywords.getElement(GenericKeywords.java:227)
                        	at com.qtpselenium.core.hybrid.GenericKeywords.input(GenericKeywords.java:150)
                        	at com.qtpselenium.core.hybrid.Keywords.executeKeywords(Keywords.java:61)
                        	at com.qtpselenium.core.hybrid.testcases.GmailLogin.doLogin(GmailLogin.java:43)
                        	at sun.reflect.NativeMethodAccessorImpl.invoke0(Native Method)
                        	at sun.reflect.NativeMethodAccessorImpl.invoke(NativeMethodAccessorImpl.java:62)
                        	at sun.reflect.DelegatingMethodAccessorImpl.invoke(DelegatingMethodAccessorImpl.java:43)
                        	at java.lang.reflect.Method.invoke(Method.java:498)
                        	at org.testng.internal.MethodInvocationHelper.invokeMethod(MethodInvocationHelper.java:85)
                        	at org.testng.internal.Invoker.invokeMethod(Invoker.java:639)
                        	at org.testng.internal.Invoker.invokeTestMethod(Invoker.java:816)
                        	at org.testng.internal.Invoker.invokeTestMethods(Invoker.java:1124)
                        	at org.testng.internal.TestMethodWorker.invokeTestMethods(TestMethodWorker.java:125)
                        	at org.testng.internal.TestMethodWorker.run(TestMethodWorker.java:108)
                        	at org.testng.TestRunner.privateRun(TestRunner.java:774)
                        	at org.testng.TestRunner.run(TestRunner.java:624)
                        	at org.testng.SuiteRunner.runTest(SuiteRunner.java:359)
                        	at org.testng.SuiteRunner.access$000(SuiteRunner.java:39)
                        	at org.testng.SuiteRunner$SuiteWorker.run(SuiteRunner.java:393)
                        	at org.testng.internal.thread.ThreadUtil$2.call(ThreadUtil.java:64)
                        	at java.util.concurrent.FutureTask.run(FutureTask.java:266)
                        	at java.util.concurrent.ThreadPoolExecutor.runWorker(ThreadPoolExecutor.java:1142)
                        	at java.util.concurrent.ThreadPoolExecutor$Worker.run(ThreadPoolExecutor.java:617)
                        	at java.lang.Thread.run(Thread.java:745)
                     </pre>
                  </div>
               </td>
            </tr>
            <tr id="com.qtpselenium.core.hybrid.testcases.GmailLogin_doLogin_byStatus_failed_FAIL3_row"
                class="testMethodStatusFAIL">
               <td width="100%" class="firstMethodCell">
                  <a onclick="toggleDetailsVisibility('com.qtpselenium.core.hybrid.testcases.GmailLogin_doLogin_byStatus_failed_FAIL3_details')">doLogin({Name=x, Username=U3, ExpectedResult=x, Password=P3, Runmode=Y, Browser=Chrome})</a>
               </td>
               <td nowrap="true">10:37:36</td>
               <td nowrap="true" align="right">16s
                  
               </td>
               <td nowrap="true">
                  <a onclick="toggleDetailsVisibility('com.qtpselenium.core.hybrid.testcases.GmailLogin_doLogin_byStatus_failed_FAIL3_exception')">java.lang.AssertionError: 
                     Failure in Element Extraction - gpassword_xpath
                     
                  </a>
                   
                  
               </td>
            </tr>
            <tr>
               <td colspan="4" class="detailsBox">
                  <div id="com.qtpselenium.core.hybrid.testcases.GmailLogin_doLogin_byStatus_failed_FAIL3_details"
                       class="testMethodDetails">
                     <div>
                        <b>Name: </b>doLogin
                     </div>
                     <div>
                        <b>Signature: </b>doLogin(java.util.Hashtable)[pri:0, instance:com.qtpselenium.core.hybrid.testcases.GmailLogin@305fd85d]
                     </div>
                     <div>
                        <b>Parameters: </b>
                        
                        {Name=x, Username=U3, ExpectedResult=x, Password=P3, Runmode=Y, Browser=Chrome}
                        
                        
                     </div>
                     <div>
                        <b>Start time: </b>10:37:36
                     </div>
                     <div>
                        <b>End time: </b>10:37:52
                     </div>
                     <div>
                        <b>Duration: </b>16s
                        
                     </div>
                  </div>
               </td>
            </tr>
            <tr>
               <td colspan="4" class="detailsBox">
                  <div id="com.qtpselenium.core.hybrid.testcases.GmailLogin_doLogin_byStatus_failed_FAIL3_exception"
                       class="testMethodDetails">
                     <pre style="padding: 5px; margin: 0;">java.lang.AssertionError: Failure in Element Extraction - gpassword_xpath
                        	at org.testng.Assert.fail(Assert.java:94)
                        	at com.qtpselenium.core.hybrid.GenericKeywords.getElement(GenericKeywords.java:227)
                        	at com.qtpselenium.core.hybrid.GenericKeywords.input(GenericKeywords.java:150)
                        	at com.qtpselenium.core.hybrid.Keywords.executeKeywords(Keywords.java:61)
                        	at com.qtpselenium.core.hybrid.testcases.GmailLogin.doLogin(GmailLogin.java:43)
                        	at sun.reflect.NativeMethodAccessorImpl.invoke0(Native Method)
                        	at sun.reflect.NativeMethodAccessorImpl.invoke(NativeMethodAccessorImpl.java:62)
                        	at sun.reflect.DelegatingMethodAccessorImpl.invoke(DelegatingMethodAccessorImpl.java:43)
                        	at java.lang.reflect.Method.invoke(Method.java:498)
                        	at org.testng.internal.MethodInvocationHelper.invokeMethod(MethodInvocationHelper.java:85)
                        	at org.testng.internal.Invoker.invokeMethod(Invoker.java:639)
                        	at org.testng.internal.Invoker.invokeTestMethod(Invoker.java:816)
                        	at org.testng.internal.Invoker.invokeTestMethods(Invoker.java:1124)
                        	at org.testng.internal.TestMethodWorker.invokeTestMethods(TestMethodWorker.java:125)
                        	at org.testng.internal.TestMethodWorker.run(TestMethodWorker.java:108)
                        	at org.testng.TestRunner.privateRun(TestRunner.java:774)
                        	at org.testng.TestRunner.run(TestRunner.java:624)
                        	at org.testng.SuiteRunner.runTest(SuiteRunner.java:359)
                        	at org.testng.SuiteRunner.access$000(SuiteRunner.java:39)
                        	at org.testng.SuiteRunner$SuiteWorker.run(SuiteRunner.java:393)
                        	at org.testng.internal.thread.ThreadUtil$2.call(ThreadUtil.java:64)
                        	at java.util.concurrent.FutureTask.run(FutureTask.java:266)
                        	at java.util.concurrent.ThreadPoolExecutor.runWorker(ThreadPoolExecutor.java:1142)
                        	at java.util.concurrent.ThreadPoolExecutor$Worker.run(ThreadPoolExecutor.java:617)
                        	at java.lang.Thread.run(Thread.java:745)
                     </pre>
                  </div>
               </td>
            </tr>
            <tr id="com.qtpselenium.core.hybrid.testcases.GmailLogin_init_byStatus_passed_PASS1_row"
                class="testMethodStatusPASS testMethodStatusCONF">
               <td width="100%" class="firstMethodCell">
                  <a onclick="toggleDetailsVisibility('com.qtpselenium.core.hybrid.testcases.GmailLogin_init_byStatus_passed_PASS1_details')">init()</a>
               </td>
               <td nowrap="true">10:37:02</td>
               <td nowrap="true" align="right">501 ms
                  
               </td>
               <td nowrap="true">
                   
                  
               </td>
            </tr>
            <tr>
               <td colspan="4" class="detailsBox">
                  <div id="com.qtpselenium.core.hybrid.testcases.GmailLogin_init_byStatus_passed_PASS1_details"
                       class="testMethodDetails">
                     <div>
                        <b>Name: </b>init
                     </div>
                     <div>
                        <b>Signature: </b>init()[pri:0, instance:com.qtpselenium.core.hybrid.testcases.GmailLogin@305fd85d]
                     </div>
                     <div>
                        <b>Start time: </b>10:37:02
                     </div>
                     <div>
                        <b>End time: </b>10:37:02
                     </div>
                     <div>
                        <b>Duration: </b>501 ms
                        
                     </div>
                  </div>
               </td>
            </tr>
            <tr></tr>
            <tr id="com.qtpselenium.core.hybrid.testcases.GmailLogin_quit_byStatus_passed_PASS2_row"
                class="testMethodStatusPASS testMethodStatusCONF">
               <td width="100%" class="firstMethodCell">
                  <a onclick="toggleDetailsVisibility('com.qtpselenium.core.hybrid.testcases.GmailLogin_quit_byStatus_passed_PASS2_details')">quit()</a>
               </td>
               <td nowrap="true">10:37:20</td>
               <td nowrap="true" align="right">297 ms
                  
               </td>
               <td nowrap="true">
                   
                  
               </td>
            </tr>
            <tr>
               <td colspan="4" class="detailsBox">
                  <div id="com.qtpselenium.core.hybrid.testcases.GmailLogin_quit_byStatus_passed_PASS2_details"
                       class="testMethodDetails">
                     <div>
                        <b>Name: </b>quit
                     </div>
                     <div>
                        <b>Signature: </b>quit()[pri:0, instance:com.qtpselenium.core.hybrid.testcases.GmailLogin@305fd85d]
                     </div>
                     <div>
                        <b>Start time: </b>10:37:20
                     </div>
                     <div>
                        <b>End time: </b>10:37:20
                     </div>
                     <div>
                        <b>Duration: </b>297 ms
                        
                     </div>
                  </div>
               </td>
            </tr>
            <tr></tr>
            <tr id="com.qtpselenium.core.hybrid.testcases.GmailLogin_quit_byStatus_passed_PASS3_row"
                class="testMethodStatusPASS testMethodStatusCONF">
               <td width="100%" class="firstMethodCell">
                  <a onclick="toggleDetailsVisibility('com.qtpselenium.core.hybrid.testcases.GmailLogin_quit_byStatus_passed_PASS3_details')">quit()</a>
               </td>
               <td nowrap="true">10:37:36</td>
               <td nowrap="true" align="right">45 ms
                  
               </td>
               <td nowrap="true">
                   
                  
               </td>
            </tr>
            <tr>
               <td colspan="4" class="detailsBox">
                  <div id="com.qtpselenium.core.hybrid.testcases.GmailLogin_quit_byStatus_passed_PASS3_details"
                       class="testMethodDetails">
                     <div>
                        <b>Name: </b>quit
                     </div>
                     <div>
                        <b>Signature: </b>quit()[pri:0, instance:com.qtpselenium.core.hybrid.testcases.GmailLogin@305fd85d]
                     </div>
                     <div>
                        <b>Start time: </b>10:37:36
                     </div>
                     <div>
                        <b>End time: </b>10:37:36
                     </div>
                     <div>
                        <b>Duration: </b>45 ms
                        
                     </div>
                  </div>
               </td>
            </tr>
            <tr></tr>
            <tr id="com.qtpselenium.core.hybrid.testcases.GmailLogin_quit_byStatus_passed_PASS4_row"
                class="testMethodStatusPASS testMethodStatusCONF">
               <td width="100%" class="firstMethodCell">
                  <a onclick="toggleDetailsVisibility('com.qtpselenium.core.hybrid.testcases.GmailLogin_quit_byStatus_passed_PASS4_details')">quit()</a>
               </td>
               <td nowrap="true">10:37:52</td>
               <td nowrap="true" align="right">42 ms
                  
               </td>
               <td nowrap="true">
                   
                  
               </td>
            </tr>
            <tr>
               <td colspan="4" class="detailsBox">
                  <div id="com.qtpselenium.core.hybrid.testcases.GmailLogin_quit_byStatus_passed_PASS4_details"
                       class="testMethodDetails">
                     <div>
                        <b>Name: </b>quit
                     </div>
                     <div>
                        <b>Signature: </b>quit()[pri:0, instance:com.qtpselenium.core.hybrid.testcases.GmailLogin@305fd85d]
                     </div>
                     <div>
                        <b>Start time: </b>10:37:52
                     </div>
                     <div>
                        <b>End time: </b>10:37:52
                     </div>
                     <div>
                        <b>Duration: </b>42 ms
                        
                     </div>
                  </div>
               </td>
            </tr>
            <tr></tr>
         </table>
      </div>
      <div id="testMethodsByClass" style="display: none;">
         <table class="testMethodsTable" cellpadding="0" cellspacing="0">
            <tr>
               <td colspan="4">
                  <h3 style="display: inline;">com.qtpselenium.core.hybrid.testcases.GmailLogin</h3>
               </td>
            </tr>
            <tr class="methodsTableHeader">
               <td width="100%">Name</td>
               <td nowrap="true">Started</td>
               <td nowrap="true">Duration</td>
               <td>Exception</td>
            </tr>
            <tr id="com.qtpselenium.core.hybrid.testcases.GmailLogin_init_byClass_PASS1_row"
                class="testMethodStatusPASS testMethodStatusCONF">
               <td width="100%" class="firstMethodCell">
                  <a onclick="toggleDetailsVisibility('com.qtpselenium.core.hybrid.testcases.GmailLogin_init_byClass_PASS1_details')">init()</a>
               </td>
               <td nowrap="true">10:37:02</td>
               <td nowrap="true" align="right">501 ms
                  
               </td>
               <td nowrap="true">
                   
                  
               </td>
            </tr>
            <tr>
               <td colspan="4" class="detailsBox">
                  <div id="com.qtpselenium.core.hybrid.testcases.GmailLogin_init_byClass_PASS1_details"
                       class="testMethodDetails">
                     <div>
                        <b>Name: </b>init
                     </div>
                     <div>
                        <b>Signature: </b>init()[pri:0, instance:com.qtpselenium.core.hybrid.testcases.GmailLogin@305fd85d]
                     </div>
                     <div>
                        <b>Start time: </b>10:37:02
                     </div>
                     <div>
                        <b>End time: </b>10:37:02
                     </div>
                     <div>
                        <b>Duration: </b>501 ms
                        
                     </div>
                  </div>
               </td>
            </tr>
            <tr></tr>
            <tr id="com.qtpselenium.core.hybrid.testcases.GmailLogin_doLogin_byClass_FAIL2_row"
                class="testMethodStatusFAIL">
               <td width="100%" class="firstMethodCell">
                  <a onclick="toggleDetailsVisibility('com.qtpselenium.core.hybrid.testcases.GmailLogin_doLogin_byClass_FAIL2_details')">doLogin({Name=PKtest4cp CP, Username=pktest4cp@gmail.com, ExpectedResult=Success, Password=pk4testcp, Runmode=Y, Browser=Chrome})</a>
               </td>
               <td nowrap="true">10:37:02</td>
               <td nowrap="true" align="right">18s
                  
               </td>
               <td nowrap="true">
                  <a onclick="toggleDetailsVisibility('com.qtpselenium.core.hybrid.testcases.GmailLogin_doLogin_byClass_FAIL2_exception')">java.lang.AssertionError: 
                     Failure in Element Extraction - gprofile_xpath
                     
                  </a>
                   
                  
               </td>
            </tr>
            <tr>
               <td colspan="4" class="detailsBox">
                  <div id="com.qtpselenium.core.hybrid.testcases.GmailLogin_doLogin_byClass_FAIL2_details"
                       class="testMethodDetails">
                     <div>
                        <b>Name: </b>doLogin
                     </div>
                     <div>
                        <b>Signature: </b>doLogin(java.util.Hashtable)[pri:0, instance:com.qtpselenium.core.hybrid.testcases.GmailLogin@305fd85d]
                     </div>
                     <div>
                        <b>Parameters: </b>
                        
                        {Name=PKtest4cp CP, Username=pktest4cp@gmail.com, ExpectedResult=Success, Password=pk4testcp, Runmode=Y, Browser=Chrome}
                        
                        
                     </div>
                     <div>
                        <b>Start time: </b>10:37:02
                     </div>
                     <div>
                        <b>End time: </b>10:37:20
                     </div>
                     <div>
                        <b>Duration: </b>18s
                        
                     </div>
                  </div>
               </td>
            </tr>
            <tr>
               <td colspan="4" class="detailsBox">
                  <div id="com.qtpselenium.core.hybrid.testcases.GmailLogin_doLogin_byClass_FAIL2_exception"
                       class="testMethodDetails">
                     <pre style="padding: 5px; margin: 0;">java.lang.AssertionError: Failure in Element Extraction - gprofile_xpath
                        	at org.testng.Assert.fail(Assert.java:94)
                        	at com.qtpselenium.core.hybrid.GenericKeywords.getElement(GenericKeywords.java:227)
                        	at com.qtpselenium.core.hybrid.AppKeywords.verifyLoginDetails(AppKeywords.java:27)
                        	at com.qtpselenium.core.hybrid.Keywords.executeKeywords(Keywords.java:67)
                        	at com.qtpselenium.core.hybrid.testcases.GmailLogin.doLogin(GmailLogin.java:43)
                        	at sun.reflect.NativeMethodAccessorImpl.invoke0(Native Method)
                        	at sun.reflect.NativeMethodAccessorImpl.invoke(NativeMethodAccessorImpl.java:62)
                        	at sun.reflect.DelegatingMethodAccessorImpl.invoke(DelegatingMethodAccessorImpl.java:43)
                        	at java.lang.reflect.Method.invoke(Method.java:498)
                        	at org.testng.internal.MethodInvocationHelper.invokeMethod(MethodInvocationHelper.java:85)
                        	at org.testng.internal.Invoker.invokeMethod(Invoker.java:639)
                        	at org.testng.internal.Invoker.invokeTestMethod(Invoker.java:816)
                        	at org.testng.internal.Invoker.invokeTestMethods(Invoker.java:1124)
                        	at org.testng.internal.TestMethodWorker.invokeTestMethods(TestMethodWorker.java:125)
                        	at org.testng.internal.TestMethodWorker.run(TestMethodWorker.java:108)
                        	at org.testng.TestRunner.privateRun(TestRunner.java:774)
                        	at org.testng.TestRunner.run(TestRunner.java:624)
                        	at org.testng.SuiteRunner.runTest(SuiteRunner.java:359)
                        	at org.testng.SuiteRunner.access$000(SuiteRunner.java:39)
                        	at org.testng.SuiteRunner$SuiteWorker.run(SuiteRunner.java:393)
                        	at org.testng.internal.thread.ThreadUtil$2.call(ThreadUtil.java:64)
                        	at java.util.concurrent.FutureTask.run(FutureTask.java:266)
                        	at java.util.concurrent.ThreadPoolExecutor.runWorker(ThreadPoolExecutor.java:1142)
                        	at java.util.concurrent.ThreadPoolExecutor$Worker.run(ThreadPoolExecutor.java:617)
                        	at java.lang.Thread.run(Thread.java:745)
                     </pre>
                  </div>
               </td>
            </tr>
            <tr id="com.qtpselenium.core.hybrid.testcases.GmailLogin_quit_byClass_PASS3_row"
                class="testMethodStatusPASS testMethodStatusCONF">
               <td width="100%" class="firstMethodCell">
                  <a onclick="toggleDetailsVisibility('com.qtpselenium.core.hybrid.testcases.GmailLogin_quit_byClass_PASS3_details')">quit()</a>
               </td>
               <td nowrap="true">10:37:20</td>
               <td nowrap="true" align="right">297 ms
                  
               </td>
               <td nowrap="true">
                   
                  
               </td>
            </tr>
            <tr>
               <td colspan="4" class="detailsBox">
                  <div id="com.qtpselenium.core.hybrid.testcases.GmailLogin_quit_byClass_PASS3_details"
                       class="testMethodDetails">
                     <div>
                        <b>Name: </b>quit
                     </div>
                     <div>
                        <b>Signature: </b>quit()[pri:0, instance:com.qtpselenium.core.hybrid.testcases.GmailLogin@305fd85d]
                     </div>
                     <div>
                        <b>Start time: </b>10:37:20
                     </div>
                     <div>
                        <b>End time: </b>10:37:20
                     </div>
                     <div>
                        <b>Duration: </b>297 ms
                        
                     </div>
                  </div>
               </td>
            </tr>
            <tr></tr>
            <tr id="com.qtpselenium.core.hybrid.testcases.GmailLogin_doLogin_byClass_FAIL4_row"
                class="testMethodStatusFAIL">
               <td width="100%" class="firstMethodCell">
                  <a onclick="toggleDetailsVisibility('com.qtpselenium.core.hybrid.testcases.GmailLogin_doLogin_byClass_FAIL4_details')">doLogin({Name=x, Username=U2, ExpectedResult=x, Password=pk4testcp, Runmode=Y, Browser=Chrome})</a>
               </td>
               <td nowrap="true">10:37:20</td>
               <td nowrap="true" align="right">16s
                  
               </td>
               <td nowrap="true">
                  <a onclick="toggleDetailsVisibility('com.qtpselenium.core.hybrid.testcases.GmailLogin_doLogin_byClass_FAIL4_exception')">java.lang.AssertionError: 
                     Failure in Element Extraction - gpassword_xpath
                     
                  </a>
                   
                  
               </td>
            </tr>
            <tr>
               <td colspan="4" class="detailsBox">
                  <div id="com.qtpselenium.core.hybrid.testcases.GmailLogin_doLogin_byClass_FAIL4_details"
                       class="testMethodDetails">
                     <div>
                        <b>Name: </b>doLogin
                     </div>
                     <div>
                        <b>Signature: </b>doLogin(java.util.Hashtable)[pri:0, instance:com.qtpselenium.core.hybrid.testcases.GmailLogin@305fd85d]
                     </div>
                     <div>
                        <b>Parameters: </b>
                        
                        {Name=x, Username=U2, ExpectedResult=x, Password=pk4testcp, Runmode=Y, Browser=Chrome}
                        
                        
                     </div>
                     <div>
                        <b>Start time: </b>10:37:20
                     </div>
                     <div>
                        <b>End time: </b>10:37:36
                     </div>
                     <div>
                        <b>Duration: </b>16s
                        
                     </div>
                  </div>
               </td>
            </tr>
            <tr>
               <td colspan="4" class="detailsBox">
                  <div id="com.qtpselenium.core.hybrid.testcases.GmailLogin_doLogin_byClass_FAIL4_exception"
                       class="testMethodDetails">
                     <pre style="padding: 5px; margin: 0;">java.lang.AssertionError: Failure in Element Extraction - gpassword_xpath
                        	at org.testng.Assert.fail(Assert.java:94)
                        	at com.qtpselenium.core.hybrid.GenericKeywords.getElement(GenericKeywords.java:227)
                        	at com.qtpselenium.core.hybrid.GenericKeywords.input(GenericKeywords.java:150)
                        	at com.qtpselenium.core.hybrid.Keywords.executeKeywords(Keywords.java:61)
                        	at com.qtpselenium.core.hybrid.testcases.GmailLogin.doLogin(GmailLogin.java:43)
                        	at sun.reflect.NativeMethodAccessorImpl.invoke0(Native Method)
                        	at sun.reflect.NativeMethodAccessorImpl.invoke(NativeMethodAccessorImpl.java:62)
                        	at sun.reflect.DelegatingMethodAccessorImpl.invoke(DelegatingMethodAccessorImpl.java:43)
                        	at java.lang.reflect.Method.invoke(Method.java:498)
                        	at org.testng.internal.MethodInvocationHelper.invokeMethod(MethodInvocationHelper.java:85)
                        	at org.testng.internal.Invoker.invokeMethod(Invoker.java:639)
                        	at org.testng.internal.Invoker.invokeTestMethod(Invoker.java:816)
                        	at org.testng.internal.Invoker.invokeTestMethods(Invoker.java:1124)
                        	at org.testng.internal.TestMethodWorker.invokeTestMethods(TestMethodWorker.java:125)
                        	at org.testng.internal.TestMethodWorker.run(TestMethodWorker.java:108)
                        	at org.testng.TestRunner.privateRun(TestRunner.java:774)
                        	at org.testng.TestRunner.run(TestRunner.java:624)
                        	at org.testng.SuiteRunner.runTest(SuiteRunner.java:359)
                        	at org.testng.SuiteRunner.access$000(SuiteRunner.java:39)
                        	at org.testng.SuiteRunner$SuiteWorker.run(SuiteRunner.java:393)
                        	at org.testng.internal.thread.ThreadUtil$2.call(ThreadUtil.java:64)
                        	at java.util.concurrent.FutureTask.run(FutureTask.java:266)
                        	at java.util.concurrent.ThreadPoolExecutor.runWorker(ThreadPoolExecutor.java:1142)
                        	at java.util.concurrent.ThreadPoolExecutor$Worker.run(ThreadPoolExecutor.java:617)
                        	at java.lang.Thread.run(Thread.java:745)
                     </pre>
                  </div>
               </td>
            </tr>
            <tr id="com.qtpselenium.core.hybrid.testcases.GmailLogin_quit_byClass_PASS5_row"
                class="testMethodStatusPASS testMethodStatusCONF">
               <td width="100%" class="firstMethodCell">
                  <a onclick="toggleDetailsVisibility('com.qtpselenium.core.hybrid.testcases.GmailLogin_quit_byClass_PASS5_details')">quit()</a>
               </td>
               <td nowrap="true">10:37:36</td>
               <td nowrap="true" align="right">45 ms
                  
               </td>
               <td nowrap="true">
                   
                  
               </td>
            </tr>
            <tr>
               <td colspan="4" class="detailsBox">
                  <div id="com.qtpselenium.core.hybrid.testcases.GmailLogin_quit_byClass_PASS5_details"
                       class="testMethodDetails">
                     <div>
                        <b>Name: </b>quit
                     </div>
                     <div>
                        <b>Signature: </b>quit()[pri:0, instance:com.qtpselenium.core.hybrid.testcases.GmailLogin@305fd85d]
                     </div>
                     <div>
                        <b>Start time: </b>10:37:36
                     </div>
                     <div>
                        <b>End time: </b>10:37:36
                     </div>
                     <div>
                        <b>Duration: </b>45 ms
                        
                     </div>
                  </div>
               </td>
            </tr>
            <tr></tr>
            <tr id="com.qtpselenium.core.hybrid.testcases.GmailLogin_doLogin_byClass_FAIL6_row"
                class="testMethodStatusFAIL">
               <td width="100%" class="firstMethodCell">
                  <a onclick="toggleDetailsVisibility('com.qtpselenium.core.hybrid.testcases.GmailLogin_doLogin_byClass_FAIL6_details')">doLogin({Name=x, Username=U3, ExpectedResult=x, Password=P3, Runmode=Y, Browser=Chrome})</a>
               </td>
               <td nowrap="true">10:37:36</td>
               <td nowrap="true" align="right">16s
                  
               </td>
               <td nowrap="true">
                  <a onclick="toggleDetailsVisibility('com.qtpselenium.core.hybrid.testcases.GmailLogin_doLogin_byClass_FAIL6_exception')">java.lang.AssertionError: 
                     Failure in Element Extraction - gpassword_xpath
                     
                  </a>
                   
                  
               </td>
            </tr>
            <tr>
               <td colspan="4" class="detailsBox">
                  <div id="com.qtpselenium.core.hybrid.testcases.GmailLogin_doLogin_byClass_FAIL6_details"
                       class="testMethodDetails">
                     <div>
                        <b>Name: </b>doLogin
                     </div>
                     <div>
                        <b>Signature: </b>doLogin(java.util.Hashtable)[pri:0, instance:com.qtpselenium.core.hybrid.testcases.GmailLogin@305fd85d]
                     </div>
                     <div>
                        <b>Parameters: </b>
                        
                        {Name=x, Username=U3, ExpectedResult=x, Password=P3, Runmode=Y, Browser=Chrome}
                        
                        
                     </div>
                     <div>
                        <b>Start time: </b>10:37:36
                     </div>
                     <div>
                        <b>End time: </b>10:37:52
                     </div>
                     <div>
                        <b>Duration: </b>16s
                        
                     </div>
                  </div>
               </td>
            </tr>
            <tr>
               <td colspan="4" class="detailsBox">
                  <div id="com.qtpselenium.core.hybrid.testcases.GmailLogin_doLogin_byClass_FAIL6_exception"
                       class="testMethodDetails">
                     <pre style="padding: 5px; margin: 0;">java.lang.AssertionError: Failure in Element Extraction - gpassword_xpath
                        	at org.testng.Assert.fail(Assert.java:94)
                        	at com.qtpselenium.core.hybrid.GenericKeywords.getElement(GenericKeywords.java:227)
                        	at com.qtpselenium.core.hybrid.GenericKeywords.input(GenericKeywords.java:150)
                        	at com.qtpselenium.core.hybrid.Keywords.executeKeywords(Keywords.java:61)
                        	at com.qtpselenium.core.hybrid.testcases.GmailLogin.doLogin(GmailLogin.java:43)
                        	at sun.reflect.NativeMethodAccessorImpl.invoke0(Native Method)
                        	at sun.reflect.NativeMethodAccessorImpl.invoke(NativeMethodAccessorImpl.java:62)
                        	at sun.reflect.DelegatingMethodAccessorImpl.invoke(DelegatingMethodAccessorImpl.java:43)
                        	at java.lang.reflect.Method.invoke(Method.java:498)
                        	at org.testng.internal.MethodInvocationHelper.invokeMethod(MethodInvocationHelper.java:85)
                        	at org.testng.internal.Invoker.invokeMethod(Invoker.java:639)
                        	at org.testng.internal.Invoker.invokeTestMethod(Invoker.java:816)
                        	at org.testng.internal.Invoker.invokeTestMethods(Invoker.java:1124)
                        	at org.testng.internal.TestMethodWorker.invokeTestMethods(TestMethodWorker.java:125)
                        	at org.testng.internal.TestMethodWorker.run(TestMethodWorker.java:108)
                        	at org.testng.TestRunner.privateRun(TestRunner.java:774)
                        	at org.testng.TestRunner.run(TestRunner.java:624)
                        	at org.testng.SuiteRunner.runTest(SuiteRunner.java:359)
                        	at org.testng.SuiteRunner.access$000(SuiteRunner.java:39)
                        	at org.testng.SuiteRunner$SuiteWorker.run(SuiteRunner.java:393)
                        	at org.testng.internal.thread.ThreadUtil$2.call(ThreadUtil.java:64)
                        	at java.util.concurrent.FutureTask.run(FutureTask.java:266)
                        	at java.util.concurrent.ThreadPoolExecutor.runWorker(ThreadPoolExecutor.java:1142)
                        	at java.util.concurrent.ThreadPoolExecutor$Worker.run(ThreadPoolExecutor.java:617)
                        	at java.lang.Thread.run(Thread.java:745)
                     </pre>
                  </div>
               </td>
            </tr>
            <tr id="com.qtpselenium.core.hybrid.testcases.GmailLogin_quit_byClass_PASS7_row"
                class="testMethodStatusPASS testMethodStatusCONF">
               <td width="100%" class="firstMethodCell">
                  <a onclick="toggleDetailsVisibility('com.qtpselenium.core.hybrid.testcases.GmailLogin_quit_byClass_PASS7_details')">quit()</a>
               </td>
               <td nowrap="true">10:37:52</td>
               <td nowrap="true" align="right">42 ms
                  
               </td>
               <td nowrap="true">
                   
                  
               </td>
            </tr>
            <tr>
               <td colspan="4" class="detailsBox">
                  <div id="com.qtpselenium.core.hybrid.testcases.GmailLogin_quit_byClass_PASS7_details"
                       class="testMethodDetails">
                     <div>
                        <b>Name: </b>quit
                     </div>
                     <div>
                        <b>Signature: </b>quit()[pri:0, instance:com.qtpselenium.core.hybrid.testcases.GmailLogin@305fd85d]
                     </div>
                     <div>
                        <b>Start time: </b>10:37:52
                     </div>
                     <div>
                        <b>End time: </b>10:37:52
                     </div>
                     <div>
                        <b>Duration: </b>42 ms
                        
                     </div>
                  </div>
               </td>
            </tr>
            <tr></tr>
         </table>
         <br></br>
      </div>
      <div style="margin-top: 15px; color: gray; text-align: center; font-size: 9px;">
         Generated with
         
         <a href="http://code.google.com/p/testng-xslt/" style="color: #8888aa;"
            target="_blank">
            TestNG XSLT
            
         </a>
      </div>
   </body>
</html>