<?xml version="1.0" encoding="UTF-8"?>
<!-- Generated by org.testng.reporters.JUnitXMLReporter -->
<testsuite hostname="DESKTOP-PKMC2016" name="GMail Login Test" tests="3" failures="3" timestamp="24 Feb 2017 15:37:52 GMT" time="50.814" errors="0">
  <testcase name="doLogin" time="17.928" classname="com.qtpselenium.core.hybrid.testcases.GmailLogin">
    <failure type="java.lang.AssertionError" message="Failure in Element Extraction - gprofile_xpath">
      <![CDATA[java.lang.AssertionError: Failure in Element Extraction - gprofile_xpath
	at com.qtpselenium.core.hybrid.GenericKeywords.getElement(GenericKeywords.java:227)
	at com.qtpselenium.core.hybrid.AppKeywords.verifyLoginDetails(AppKeywords.java:27)
	at com.qtpselenium.core.hybrid.Keywords.executeKeywords(Keywords.java:67)
	at com.qtpselenium.core.hybrid.testcases.GmailLogin.doLogin(GmailLogin.java:43)
	at java.util.concurrent.FutureTask.run(FutureTask.java:266)
	at java.util.concurrent.ThreadPoolExecutor.runWorker(ThreadPoolExecutor.java:1142)
	at java.util.concurrent.ThreadPoolExecutor$Worker.run(ThreadPoolExecutor.java:617)
	at java.lang.Thread.run(Thread.java:745)
... Removed 17 stack frames]]>
    </failure>
  </testcase> <!-- doLogin -->
  <testcase name="doLogin" time="15.893" classname="com.qtpselenium.core.hybrid.testcases.GmailLogin">
    <failure type="java.lang.AssertionError" message="Failure in Element Extraction - gpassword_xpath">
      <![CDATA[java.lang.AssertionError: Failure in Element Extraction - gpassword_xpath
	at com.qtpselenium.core.hybrid.GenericKeywords.getElement(GenericKeywords.java:227)
	at com.qtpselenium.core.hybrid.GenericKeywords.input(GenericKeywords.java:150)
	at com.qtpselenium.core.hybrid.Keywords.executeKeywords(Keywords.java:61)
	at com.qtpselenium.core.hybrid.testcases.GmailLogin.doLogin(GmailLogin.java:43)
	at java.util.concurrent.FutureTask.run(FutureTask.java:266)
	at java.util.concurrent.ThreadPoolExecutor.runWorker(ThreadPoolExecutor.java:1142)
	at java.util.concurrent.ThreadPoolExecutor$Worker.run(ThreadPoolExecutor.java:617)
	at java.lang.Thread.run(Thread.java:745)
... Removed 17 stack frames]]>
    </failure>
  </testcase> <!-- doLogin -->
  <testcase name="doLogin" time="16.089" classname="com.qtpselenium.core.hybrid.testcases.GmailLogin">
    <failure type="java.lang.AssertionError" message="Failure in Element Extraction - gpassword_xpath">
      <![CDATA[java.lang.AssertionError: Failure in Element Extraction - gpassword_xpath
	at com.qtpselenium.core.hybrid.GenericKeywords.getElement(GenericKeywords.java:227)
	at com.qtpselenium.core.hybrid.GenericKeywords.input(GenericKeywords.java:150)
	at com.qtpselenium.core.hybrid.Keywords.executeKeywords(Keywords.java:61)
	at com.qtpselenium.core.hybrid.testcases.GmailLogin.doLogin(GmailLogin.java:43)
	at java.util.concurrent.FutureTask.run(FutureTask.java:266)
	at java.util.concurrent.ThreadPoolExecutor.runWorker(ThreadPoolExecutor.java:1142)
	at java.util.concurrent.ThreadPoolExecutor$Worker.run(ThreadPoolExecutor.java:617)
	at java.lang.Thread.run(Thread.java:745)
... Removed 17 stack frames]]>
    </failure>
  </testcase> <!-- doLogin -->
</testsuite> <!-- GMail Login Test -->
