<?xml version="1.0" encoding="UTF-8"?>
<!-- Generated by org.testng.reporters.JUnitXMLReporter -->
<testsuite hostname="DESKTOP-PKMC2016" name="Search and Buy Item Test Test" tests="1" failures="1" timestamp="24 Feb 2017 15:39:47 GMT" time="40.308" errors="0">
  <testcase name="filterMobileTest" time="39.215" classname="com.qtpselenium.core.hybrid.product.SearchAndBuyItemTest">
    <failure type="java.lang.AssertionError" message="FAIL - Product not found">
      <![CDATA[java.lang.AssertionError: FAIL - Product not found
	at org.junit.Assert.fail(Assert.java:88)
	at com.qtpselenium.core.hybrid.Keywords.executeKeywords(Keywords.java:88)
	at com.qtpselenium.core.hybrid.product.SearchAndBuyItemTest.filterMobileTest(SearchAndBuyItemTest.java:37)
	at java.util.concurrent.FutureTask.run(FutureTask.java:266)
	at java.util.concurrent.ThreadPoolExecutor.runWorker(ThreadPoolExecutor.java:1142)
	at java.util.concurrent.ThreadPoolExecutor$Worker.run(ThreadPoolExecutor.java:617)
	at java.lang.Thread.run(Thread.java:745)
... Removed 16 stack frames]]>
    </failure>
  </testcase> <!-- filterMobileTest -->
</testsuite> <!-- Search and Buy Item Test Test -->
