<?xml version="1.0" encoding="UTF-8"?>
<!-- Generated by org.testng.reporters.JUnitXMLReporter -->
<testsuite hostname="DESKTOP-PKMC2016" name="Change Password Test" tests="1" failures="1" timestamp="24 Feb 2017 15:38:54 GMT" time="61.148" errors="0">
  <testcase name="changePasswordTest" time="60.139" classname="com.qtpselenium.core.hybrid.sessionsuite.ChangePasswordTest">
    <failure type="java.lang.AssertionError" message="FAIL - Could not click on hidden element. Timed out after 20 seconds waiting for visibility of all elements located by By.xpath: //*[@id=&amp;apos;container&amp;apos;]/div/header/div[1]/div[1]/div/ul/li[8]/ul/li[1]/a
Build info: version: &amp;apos;2.52.0&amp;apos;, revision: &amp;apos;4c2593c&amp;apos;, time: &amp;apos;2016-02-11 19:06:42&amp;apos;
System info: host: &amp;apos;DESKTOP-PKMC2016&amp;apos;, ip: &amp;apos;10.0.0.3&amp;apos;, os.name: &amp;apos;Windows 10&amp;apos;, os.arch: &amp;apos;amd64&amp;apos;, os.version: &amp;apos;10.0&amp;apos;, java.version: &amp;apos;1.8.0_101&amp;apos;
Driver info: org.openqa.selenium.chrome.ChromeDriver
Capabilities [{applicationCacheEnabled=false, rotatable=false, mobileEmulationEnabled=false, networkConnectionEnabled=false, chrome={chromedriverVersion=2.27.440174 (e97a722caafc2d3a8b807ee115bfb307f7d2cfd9), userDataDir=C:\Users\PATRIC~1\AppData\Local\Temp\scoped_dir4796_12917}, takesHeapSnapshot=true, pageLoadStrategy=normal, databaseEnabled=false, handlesAlerts=true, hasTouchScreen=false, version=56.0.2924.87, platform=XP, browserConnectionEnabled=false, nativeEvents=true, acceptSslCerts=true, locationContextEnabled=true, webStorageEnabled=true, browserName=chrome, takesScreenshot=true, javascriptEnabled=true, cssSelectorsEnabled=true, unexpectedAlertBehaviour=}]
Session ID: 159780666331234c3405067102ff7ad8">
      <![CDATA[java.lang.AssertionError: FAIL - Could not click on hidden element. Timed out after 20 seconds waiting for visibility of all elements located by By.xpath: //*[@id='container']/div/header/div[1]/div[1]/div/ul/li[8]/ul/li[1]/a
Build info: version: '2.52.0', revision: '4c2593c', time: '2016-02-11 19:06:42'
System info: host: 'DESKTOP-PKMC2016', ip: '10.0.0.3', os.name: 'Windows 10', os.arch: 'amd64', os.version: '10.0', java.version: '1.8.0_101'
Driver info: org.openqa.selenium.chrome.ChromeDriver
Capabilities [{applicationCacheEnabled=false, rotatable=false, mobileEmulationEnabled=false, networkConnectionEnabled=false, chrome={chromedriverVersion=2.27.440174 (e97a722caafc2d3a8b807ee115bfb307f7d2cfd9), userDataDir=C:\Users\PATRIC~1\AppData\Local\Temp\scoped_dir4796_12917}, takesHeapSnapshot=true, pageLoadStrategy=normal, databaseEnabled=false, handlesAlerts=true, hasTouchScreen=false, version=56.0.2924.87, platform=XP, browserConnectionEnabled=false, nativeEvents=true, acceptSslCerts=true, locationContextEnabled=true, webStorageEnabled=true, browserName=chrome, takesScreenshot=true, javascriptEnabled=true, cssSelectorsEnabled=true, unexpectedAlertBehaviour=}]
Session ID: 159780666331234c3405067102ff7ad8
	at org.junit.Assert.fail(Assert.java:88)
	at com.qtpselenium.core.hybrid.Keywords.executeKeywords(Keywords.java:88)
	at com.qtpselenium.core.hybrid.sessionsuite.ChangePasswordTest.changePasswordTest(ChangePasswordTest.java:44)
	at java.util.concurrent.FutureTask.run(FutureTask.java:266)
	at java.util.concurrent.ThreadPoolExecutor.runWorker(ThreadPoolExecutor.java:1142)
	at java.util.concurrent.ThreadPoolExecutor$Worker.run(ThreadPoolExecutor.java:617)
	at java.lang.Thread.run(Thread.java:745)
... Removed 16 stack frames]]>
    </failure>
  </testcase> <!-- changePasswordTest -->
</testsuite> <!-- Change Password Test -->
